<?xml version="1.0" encoding="UTF-8"?>
<testsuite xmlns:xsi="http://www.w3.org/2001/XMLSchema-instance" xsi:noNamespaceSchemaLocation="https://maven.apache.org/surefire/maven-surefire-plugin/xsd/surefire-test-report-3.0.xsd" version="3.0" name="com.bigc.TliasWebManagementApplicationTests" time="1.99" tests="2" errors="0" skipped="0" failures="0">
  <properties>
[...]
</properties>
  <testcase name="testThirdBean" classname="com.bigc.TliasWebManagementApplicationTests" time="0.388">
    <system-out><![CDATA[16:24:09.549 [main] INFO org.springframework.test.context.support.AnnotationConfigContextLoaderUtils -- Could not detect default configuration classes for test class [com.bigc.TliasWebManagementApplicationTests]: TliasWebManagementApplicationTests does not declare any static, non-private, non-final, nested classes annotated with @Configuration.
16:24:09.594 [main] INFO org.springframework.boot.test.context.SpringBootTestContextBootstrapper -- Found @SpringBootConfiguration com.bigc.TliasWebManagementApplication for test class com.bigc.TliasWebManagementApplicationTests

  .   ____          _            __ _ _
 /\\ / ___'_ __ _ _(_)_ __  __ _ \ \ \ \
( ( )\___ | '_ | '_| | '_ \/ _` | \ \ \ \
 \\/  ___)| |_)| | | | | || (_| |  ) ) ) )
  '  |____| .__|_| |_|_| |_\__, | / / / /
 =========|_|==============|___/=/_/_/_/
 :: Spring Boot ::                (v3.2.0)

2023-12-07T16:24:09.762+08:00  INFO 18999 --- [           main] c.b.TliasWebManagementApplicationTests   : Starting TliasWebManagementApplicationTests using Java 17.0.8 with PID 18999 (started by qianlong in /Users/qianlong/Git/Study/project/test/tlias-web-management)
2023-12-07T16:24:09.763+08:00  INFO 18999 --- [           main] c.b.TliasWebManagementApplicationTests   : No active profile set, falling back to 1 default profile: "default"
Logging initialized using 'class org.apache.ibatis.logging.stdout.StdOutImpl' adapter.


,------.                           ,--.  ,--.         ,--.                         
|  .--. '  ,--,--.  ,---.   ,---.  |  '--'  |  ,---.  |  |  ,---.   ,---.  ,--.--. 
|  '--' | ' ,-.  | | .-. | | .-. : |  .--.  | | .-. : |  | | .-. | | .-. : |  .--' 
|  | --'  \ '-'  | ' '-' ' \   --. |  |  |  | \   --. |  | | '-' ' \   --. |  |    
`--'       `--`--' .`-  /   `----' `--'  `--'  `----' `--' |  |-'   `----' `--'    
                   `---'                                   `--'                        is intercepting.

2023-12-07T16:24:10.986+08:00  INFO 18999 --- [           main] o.s.b.a.e.web.EndpointLinksResolver      : Exposing 1 endpoint(s) beneath base path '/actuator'
2023-12-07T16:24:11.031+08:00  INFO 18999 --- [           main] c.b.TliasWebManagementApplicationTests   : Started TliasWebManagementApplicationTests in 1.384 seconds (process running for 1.765)
Tom:18
]]></system-out>
  </testcase>
  <testcase name="contextLoads" classname="com.bigc.TliasWebManagementApplicationTests" time="0.002"/>
</testsuite>